[2025-10-23T10:04:10.146Z] - Submission ID: 1761213850147
Name: Fahad Mansoori
Email: fahadmansoori12101@gmail.com
Service: Media-Campaign
Message: qwgduqwd...
--------------------------------------------------
[2025-10-23T10:14:36.510Z] - Submission ID: 1761214476510
Name: fahadmansoori
Email: fahadmansoori12101@gmail.com
Service: Advanced-Web
Message: qwjkFGOUWCYTRBGX3FN...
--------------------------------------------------
[2025-10-23T10:16:13.221Z] - Submission ID: 1761214573221
Name: xfahad
Email: fahadmansoori12101@gmail.com
Service: Advanced-Web
Message: zxvfqwetf...
--------------------------------------------------
[2025-10-23T10:19:59.190Z] - Submission ID: 1761214799190
Name: xfahad
Email: fahadmansoori269@gmail.com
Service: Futuristic-Design
Message: qwtf34
...
--------------------------------------------------
[2025-10-23T10:20:44.428Z] - Submission ID: 1761214844428
Name: xfahad
Email: fahadmansoori269@gmail.com
Service: Advanced-Web
Message: sCfq3ctd245g...
--------------------------------------------------
[2025-10-23T10:22:12.542Z] - Submission ID: 1761214932543
Name: xfahad
Email: fahadmansoori269@gmail.com
Service: Advanced-Web
Message: ASFD5TZF...
--------------------------------------------------
[2025-10-23T10:26:13.754Z] - Submission ID: 1761215173754
Name: xfahad
Email: fahadmansoori269@gmail.com
Service: Advanced-Web
Message: gtgyutrywetv...
--------------------------------------------------
[2025-10-23T10:26:19.566Z] - Submission ID: 1761215179566
Name: xfahad
Email: fahadmansoori269@gmail.com
Service: Advanced-Web
Message: gtgyutrywetv...
--------------------------------------------------
[2025-10-23T10:36:18.312Z] - Submission ID: 1761215778312
Name: xfahad
Email: fahadmansoori269@gmail.com
Service: Advanced-Web
Message: safwecg4...
--------------------------------------------------
[2025-10-23T10:40:34.878Z] - Submission ID: 1761216034879
Name: Fahad Mansoori
Email: fahadmansoori269@gmail.com
Service: Advanced-Web
Message: asfs...
--------------------------------------------------
[2025-10-23T10:41:39.960Z] - Submission ID: 1761216099960
Name: fahad
Email: fahadmansoori12101@gmail.com
Service: Advanced-Web
Message: hhjjh...
--------------------------------------------------
[2025-10-23T10:43:27.330Z] - Submission ID: 1761216207330
Name: xfahad
Email: fahadmansoori269@gmail.com
Service: Advanced-Web
Message: qtr3...
--------------------------------------------------
[2025-10-23T10:44:15.275Z] - Submission ID: 1761216255275
Name: xfahad
Email: fahadmansoori269@gmail.com
Service: Advanced-Web
Message: gggg...
--------------------------------------------------
[2025-10-23T10:59:27.566Z] - Submission ID: 1761217167566
Name: fahad
Email: fahadmansoori12101@gmail.com
Service: Advanced-Web
Message: sfqs...
--------------------------------------------------
[2025-10-23T11:14:30.407Z] - Submission ID: 1761218070407
Name: xfahad
Email: fahadmansoori269@gmail.com
Service: Advanced-Web
Message: fwsvvswvasW...
--------------------------------------------------
